# JRE version: OpenJDK Runtime Environment (21.0.10) (build 21.0.10+-14961533-b1163.108)
# Java VM: OpenJDK 64-Bit Server VM (21.0.10+-14961533-b1163.108, mixed mode, tiered, compressed oops, compressed class ptrs, g1 gc, windows-amd64)
GC Precious Log:
 CardTable entry size: 512
 Card Set container configuration: InlinePtr #cards 5 size 8 Array Of Cards #cards 12 size 40 Howl #buckets 4 coarsen threshold 1843 Howl Bitmap #cards 512 size 80 coarsen threshold 460 Card regions per heap region 1 cards per card region 2048
 CPUs: 4 total, 4 available
 Memory: 4014M
 Large Page Support: Disabled
 NUMA Support: Disabled
 Compressed Oops: Enabled (32-bit)
 Heap Region Size: 1M
 Heap Min Capacity: 8M
 Heap Initial Capacity: 64M
 Heap Max Capacity: 2G
 Pre-touch: Disabled
 Parallel Workers: 4
 Concurrent Workers: 1
 Concurrent Refinement Workers: 4
 Periodic GC: Disabled
Heap:
 garbage-first heap   total 232448K, used 124208K [0x0000000080000000, 0x0000000100000000)
  region size 1024K, 47 young (48128K), 7 survivors (7168K)
 Metaspace       used 98357K, committed 100224K, reserved 983040K
  class space    used 13756K, committed 14720K, reserved 851968K
GC Heap History (20 events):
Event: 284.873 GC heap before
{Heap before GC invocations=61 (full 0):
 garbage-first heap   total 193536K, used 181843K [0x0000000080000000, 0x0000000100000000)
  region size 1024K, 105 young (107520K), 3 survivors (3072K)
 Metaspace       used 98339K, committed 100224K, reserved 983040K
  class space    used 13756K, committed 14720K, reserved 851968K
}
Event: 284.886 GC heap after
{Heap after GC invocations=62 (full 0):
 garbage-first heap   total 193536K, used 80324K [0x0000000080000000, 0x0000000100000000)
  region size 1024K, 4 young (4096K), 4 survivors (4096K)
 Metaspace       used 98339K, committed 100224K, reserved 983040K
  class space    used 13756K, committed 14720K, reserved 851968K
}
Event: 286.204 GC heap before
{Heap before GC invocations=62 (full 0):
 garbage-first heap   total 193536K, used 181700K [0x0000000080000000, 0x0000000100000000)
  region size 1024K, 104 young (106496K), 4 survivors (4096K)
 Metaspace       used 98342K, committed 100224K, reserved 983040K
  class space    used 13756K, committed 14720K, reserved 851968K
}
Event: 286.216 GC heap after
{Heap after GC invocations=63 (full 0):
 garbage-first heap   total 193536K, used 81328K [0x0000000080000000, 0x0000000100000000)
  region size 1024K, 5 young (5120K), 5 survivors (5120K)
 Metaspace       used 98342K, committed 100224K, reserved 983040K
  class space    used 13756K, committed 14720K, reserved 851968K
}
Event: 287.921 GC heap before
{Heap before GC invocations=64 (full 0):
 garbage-first heap   total 193536K, used 181680K [0x0000000080000000, 0x0000000100000000)
  region size 1024K, 104 young (106496K), 5 survivors (5120K)
 Metaspace       used 98342K, committed 100224K, reserved 983040K
  class space    used 13756K, committed 14720K, reserved 851968K
}
Event: 287.938 GC heap after
{Heap after GC invocations=65 (full 0):
 garbage-first heap   total 193536K, used 82475K [0x0000000080000000, 0x0000000100000000)
  region size 1024K, 6 young (6144K), 6 survivors (6144K)
 Metaspace       used 98342K, committed 100224K, reserved 983040K
  class space    used 13756K, committed 14720K, reserved 851968K
}
Event: 289.110 GC heap before
{Heap before GC invocations=65 (full 0):
 garbage-first heap   total 193536K, used 181803K [0x0000000080000000, 0x0000000100000000)
  region size 1024K, 104 young (106496K), 6 survivors (6144K)
 Metaspace       used 98346K, committed 100224K, reserved 983040K
  class space    used 13756K, committed 14720K, reserved 851968K
}
Event: 289.128 GC heap after
{Heap after GC invocations=66 (full 0):
 garbage-first heap   total 193536K, used 82169K [0x0000000080000000, 0x0000000100000000)
  region size 1024K, 6 young (6144K), 6 survivors (6144K)
 Metaspace       used 98346K, committed 100224K, reserved 983040K
  class space    used 13756K, committed 14720K, reserved 851968K
}
Event: 290.457 GC heap before
{Heap before GC invocations=66 (full 0):
 garbage-first heap   total 193536K, used 181497K [0x0000000080000000, 0x0000000100000000)
  region size 1024K, 105 young (107520K), 6 survivors (6144K)
 Metaspace       used 98346K, committed 100224K, reserved 983040K
  class space    used 13756K, committed 14720K, reserved 851968K
}
Event: 290.472 GC heap after
{Heap after GC invocations=67 (full 0):
 garbage-first heap   total 193536K, used 83854K [0x0000000080000000, 0x0000000100000000)
  region size 1024K, 7 young (7168K), 7 survivors (7168K)
 Metaspace       used 98346K, committed 100224K, reserved 983040K
  class space    used 13756K, committed 14720K, reserved 851968K
}
Event: 291.802 GC heap before
{Heap before GC invocations=68 (full 0):
 garbage-first heap   total 193536K, used 182158K [0x0000000080000000, 0x0000000100000000)
  region size 1024K, 104 young (106496K), 7 survivors (7168K)
 Metaspace       used 98347K, committed 100224K, reserved 983040K
  class space    used 13756K, committed 14720K, reserved 851968K
}
Event: 291.820 GC heap after
{Heap after GC invocations=69 (full 0):
 garbage-first heap   total 193536K, used 84070K [0x0000000080000000, 0x0000000100000000)
  region size 1024K, 7 young (7168K), 7 survivors (7168K)
 Metaspace       used 98347K, committed 100224K, reserved 983040K
  class space    used 13756K, committed 14720K, reserved 851968K
}
Event: 292.699 GC heap before
{Heap before GC invocations=69 (full 0):
 garbage-first heap   total 193536K, used 182374K [0x0000000080000000, 0x0000000100000000)
  region size 1024K, 103 young (105472K), 7 survivors (7168K)
 Metaspace       used 98348K, committed 100224K, reserved 983040K
  class space    used 13756K, committed 14720K, reserved 851968K
}
Event: 292.731 GC heap after
{Heap after GC invocations=70 (full 0):
 garbage-first heap   total 232448K, used 85216K [0x0000000080000000, 0x0000000100000000)
  region size 1024K, 8 young (8192K), 8 survivors (8192K)
 Metaspace       used 98348K, committed 100224K, reserved 983040K
  class space    used 13756K, committed 14720K, reserved 851968K
}
Event: 294.150 GC heap before
{Heap before GC invocations=70 (full 0):
 garbage-first heap   total 232448K, used 217312K [0x0000000080000000, 0x0000000100000000)
  region size 1024K, 136 young (139264K), 8 survivors (8192K)
 Metaspace       used 98349K, committed 100224K, reserved 983040K
  class space    used 13756K, committed 14720K, reserved 851968K
}
Event: 294.165 GC heap after
{Heap after GC invocations=71 (full 0):
 garbage-first heap   total 232448K, used 83874K [0x0000000080000000, 0x0000000100000000)
  region size 1024K, 6 young (6144K), 6 survivors (6144K)
 Metaspace       used 98349K, committed 100224K, reserved 983040K
  class space    used 13756K, committed 14720K, reserved 851968K
}
Event: 295.569 GC heap before
{Heap before GC invocations=71 (full 0):
 garbage-first heap   total 232448K, used 216994K [0x0000000080000000, 0x0000000100000000)
  region size 1024K, 136 young (139264K), 6 survivors (6144K)
 Metaspace       used 98352K, committed 100224K, reserved 983040K
  class space    used 13756K, committed 14720K, reserved 851968K
}
Event: 295.591 GC heap after
{Heap after GC invocations=72 (full 0):
 garbage-first heap   total 232448K, used 85198K [0x0000000080000000, 0x0000000100000000)
  region size 1024K, 8 young (8192K), 8 survivors (8192K)
 Metaspace       used 98352K, committed 100224K, reserved 983040K
  class space    used 13756K, committed 14720K, reserved 851968K
}
Event: 297.115 GC heap before
{Heap before GC invocations=72 (full 0):
 garbage-first heap   total 232448K, used 172238K [0x0000000080000000, 0x0000000100000000)
  region size 1024K, 94 young (96256K), 8 survivors (8192K)
 Metaspace       used 98357K, committed 100224K, reserved 983040K
  class space    used 13756K, committed 14720K, reserved 851968K
}
Event: 297.132 GC heap after
{Heap after GC invocations=73 (full 0):
 garbage-first heap   total 232448K, used 83248K [0x0000000080000000, 0x0000000100000000)
  region size 1024K, 7 young (7168K), 7 survivors (7168K)
 Metaspace       used 98357K, committed 100224K, reserved 983040K
  class space    used 13756K, committed 14720K, reserved 851968K
}

