# JRE version: OpenJDK Runtime Environment (21.0.10) (build 21.0.10+-14961533-b1163.108)
# Java VM: OpenJDK 64-Bit Server VM (21.0.10+-14961533-b1163.108, mixed mode, tiered, compressed oops, compressed class ptrs, g1 gc, windows-amd64)
GC Precious Log:
 CardTable entry size: 512
 Card Set container configuration: InlinePtr #cards 5 size 8 Array Of Cards #cards 12 size 40 Howl #buckets 4 coarsen threshold 1843 Howl Bitmap #cards 512 size 80 coarsen threshold 460 Card regions per heap region 1 cards per card region 2048
 CPUs: 4 total, 4 available
 Memory: 4014M
 Large Page Support: Disabled
 NUMA Support: Disabled
 Compressed Oops: Enabled (32-bit)
 Heap Region Size: 1M
 Heap Min Capacity: 8M
 Heap Initial Capacity: 64M
 Heap Max Capacity: 1536M
 Pre-touch: Disabled
 Parallel Workers: 4
 Concurrent Workers: 1
 Concurrent Refinement Workers: 4
 Periodic GC: Disabled
Heap:
 garbage-first heap   total 168960K, used 99677K [0x00000000a0000000, 0x0000000100000000)
  region size 1024K, 4 young (4096K), 4 survivors (4096K)
 Metaspace       used 148669K, committed 150912K, reserved 557056K
  class space    used 19900K, committed 20992K, reserved 425984K
GC Heap History (20 events):
Event: 84.448 GC heap after
{Heap after GC invocations=46 (full 0):
 garbage-first heap   total 158720K, used 92160K [0x00000000a0000000, 0x0000000100000000)
  region size 1024K, 8 young (8192K), 8 survivors (8192K)
 Metaspace       used 122268K, committed 124416K, reserved 557056K
  class space    used 17176K, committed 18240K, reserved 425984K
}
Event: 89.696 GC heap before
{Heap before GC invocations=46 (full 0):
 garbage-first heap   total 158720K, used 144384K [0x00000000a0000000, 0x0000000100000000)
  region size 1024K, 60 young (61440K), 8 survivors (8192K)
 Metaspace       used 127952K, committed 130112K, reserved 557056K
  class space    used 17712K, committed 18816K, reserved 425984K
}
Event: 89.742 GC heap after
{Heap after GC invocations=47 (full 0):
 garbage-first heap   total 158720K, used 96207K [0x00000000a0000000, 0x0000000100000000)
  region size 1024K, 8 young (8192K), 8 survivors (8192K)
 Metaspace       used 127952K, committed 130112K, reserved 557056K
  class space    used 17712K, committed 18816K, reserved 425984K
}
Event: 93.393 GC heap before
{Heap before GC invocations=48 (full 0):
 garbage-first heap   total 160768K, used 146383K [0x00000000a0000000, 0x0000000100000000)
  region size 1024K, 57 young (58368K), 8 survivors (8192K)
 Metaspace       used 135084K, committed 137280K, reserved 557056K
  class space    used 18501K, committed 19584K, reserved 425984K
}
Event: 93.432 GC heap after
{Heap after GC invocations=49 (full 0):
 garbage-first heap   total 160768K, used 98033K [0x00000000a0000000, 0x0000000100000000)
  region size 1024K, 6 young (6144K), 6 survivors (6144K)
 Metaspace       used 135084K, committed 137280K, reserved 557056K
  class space    used 18501K, committed 19584K, reserved 425984K
}
Event: 96.635 GC heap before
{Heap before GC invocations=49 (full 0):
 garbage-first heap   total 160768K, used 150257K [0x00000000a0000000, 0x0000000100000000)
  region size 1024K, 57 young (58368K), 6 survivors (6144K)
 Metaspace       used 143419K, committed 145600K, reserved 557056K
  class space    used 19343K, committed 20416K, reserved 425984K
}
Event: 96.678 GC heap after
{Heap after GC invocations=50 (full 0):
 garbage-first heap   total 160768K, used 98688K [0x00000000a0000000, 0x0000000100000000)
  region size 1024K, 3 young (3072K), 3 survivors (3072K)
 Metaspace       used 143419K, committed 145600K, reserved 557056K
  class space    used 19343K, committed 20416K, reserved 425984K
}
Event: 99.992 GC heap before
{Heap before GC invocations=50 (full 0):
 garbage-first heap   total 160768K, used 144768K [0x00000000a0000000, 0x0000000100000000)
  region size 1024K, 49 young (50176K), 3 survivors (3072K)
 Metaspace       used 148105K, committed 150336K, reserved 557056K
  class space    used 19849K, committed 20928K, reserved 425984K
}
Event: 100.011 GC heap after
{Heap after GC invocations=51 (full 0):
 garbage-first heap   total 160768K, used 99018K [0x00000000a0000000, 0x0000000100000000)
  region size 1024K, 4 young (4096K), 4 survivors (4096K)
 Metaspace       used 148105K, committed 150336K, reserved 557056K
  class space    used 19849K, committed 20928K, reserved 425984K
}
Event: 102.006 GC heap before
{Heap before GC invocations=52 (full 0):
 garbage-first heap   total 168960K, used 151242K [0x00000000a0000000, 0x0000000100000000)
  region size 1024K, 54 young (55296K), 4 survivors (4096K)
 Metaspace       used 148119K, committed 150336K, reserved 557056K
  class space    used 19849K, committed 20928K, reserved 425984K
}
Event: 102.026 GC heap after
{Heap after GC invocations=53 (full 0):
 garbage-first heap   total 168960K, used 100180K [0x00000000a0000000, 0x0000000100000000)
  region size 1024K, 4 young (4096K), 4 survivors (4096K)
 Metaspace       used 148119K, committed 150336K, reserved 557056K
  class space    used 19849K, committed 20928K, reserved 425984K
}
Event: 103.362 GC heap before
{Heap before GC invocations=53 (full 0):
 garbage-first heap   total 168960K, used 158548K [0x00000000a0000000, 0x0000000100000000)
  region size 1024K, 61 young (62464K), 4 survivors (4096K)
 Metaspace       used 148119K, committed 150336K, reserved 557056K
  class space    used 19849K, committed 20928K, reserved 425984K
}
Event: 103.389 GC heap after
{Heap after GC invocations=54 (full 0):
 garbage-first heap   total 168960K, used 99954K [0x00000000a0000000, 0x0000000100000000)
  region size 1024K, 4 young (4096K), 4 survivors (4096K)
 Metaspace       used 148119K, committed 150336K, reserved 557056K
  class space    used 19849K, committed 20928K, reserved 425984K
}
Event: 104.796 GC heap before
{Heap before GC invocations=54 (full 0):
 garbage-first heap   total 168960K, used 159346K [0x00000000a0000000, 0x0000000100000000)
  region size 1024K, 62 young (63488K), 4 survivors (4096K)
 Metaspace       used 148119K, committed 150336K, reserved 557056K
  class space    used 19849K, committed 20928K, reserved 425984K
}
Event: 104.814 GC heap after
{Heap after GC invocations=55 (full 0):
 garbage-first heap   total 168960K, used 100163K [0x00000000a0000000, 0x0000000100000000)
  region size 1024K, 4 young (4096K), 4 survivors (4096K)
 Metaspace       used 148119K, committed 150336K, reserved 557056K
  class space    used 19849K, committed 20928K, reserved 425984K
}
Event: 106.169 GC heap before
{Heap before GC invocations=56 (full 0):
 garbage-first heap   total 168960K, used 159555K [0x00000000a0000000, 0x0000000100000000)
  region size 1024K, 62 young (63488K), 4 survivors (4096K)
 Metaspace       used 148119K, committed 150336K, reserved 557056K
  class space    used 19849K, committed 20928K, reserved 425984K
}
Event: 106.188 GC heap after
{Heap after GC invocations=57 (full 0):
 garbage-first heap   total 168960K, used 100696K [0x00000000a0000000, 0x0000000100000000)
  region size 1024K, 5 young (5120K), 5 survivors (5120K)
 Metaspace       used 148119K, committed 150336K, reserved 557056K
  class space    used 19849K, committed 20928K, reserved 425984K
}
Event: 107.780 GC heap before
{Heap before GC invocations=57 (full 0):
 garbage-first heap   total 168960K, used 160088K [0x00000000a0000000, 0x0000000100000000)
  region size 1024K, 62 young (63488K), 5 survivors (5120K)
 Metaspace       used 148669K, committed 150912K, reserved 557056K
  class space    used 19900K, committed 20992K, reserved 425984K
}
Event: 107.814 GC heap after
{Heap after GC invocations=58 (full 0):
 garbage-first heap   total 168960K, used 99421K [0x00000000a0000000, 0x0000000100000000)
  region size 1024K, 4 young (4096K), 4 survivors (4096K)
 Metaspace       used 148669K, committed 150912K, reserved 557056K
  class space    used 19900K, committed 20992K, reserved 425984K
}
Event: 108.922 GC heap before
{Heap before GC invocations=58 (full 0):
 garbage-first heap   total 168960K, used 158813K [0x00000000a0000000, 0x0000000100000000)
  region size 1024K, 62 young (63488K), 4 survivors (4096K)
 Metaspace       used 148669K, committed 150912K, reserved 557056K
  class space    used 19900K, committed 20992K, reserved 425984K
}

