# JRE version: OpenJDK Runtime Environment (21.0.10) (build 21.0.10+-14961533-b1163.108)
# Java VM: OpenJDK 64-Bit Server VM (21.0.10+-14961533-b1163.108, mixed mode, tiered, compressed oops, compressed class ptrs, g1 gc, windows-amd64)
GC Precious Log:
 CardTable entry size: 512
 Card Set container configuration: InlinePtr #cards 5 size 8 Array Of Cards #cards 12 size 40 Howl #buckets 4 coarsen threshold 1843 Howl Bitmap #cards 512 size 80 coarsen threshold 460 Card regions per heap region 1 cards per card region 2048
 CPUs: 4 total, 4 available
 Memory: 4014M
 Large Page Support: Disabled
 NUMA Support: Disabled
 Compressed Oops: Enabled (32-bit)
 Heap Region Size: 1M
 Heap Min Capacity: 8M
 Heap Initial Capacity: 64M
 Heap Max Capacity: 1536M
 Pre-touch: Disabled
 Parallel Workers: 4
 Concurrent Workers: 1
 Concurrent Refinement Workers: 4
 Periodic GC: Disabled
Heap:
 garbage-first heap   total 198656K, used 156497K [0x00000000a0000000, 0x0000000100000000)
  region size 1024K, 87 young (89088K), 15 survivors (15360K)
 Metaspace       used 110440K, committed 112640K, reserved 557056K
  class space    used 15679K, committed 16768K, reserved 425984K
GC Heap History (20 events):
Event: 100.253 GC heap before
{Heap before GC invocations=74 (full 0):
 garbage-first heap   total 198656K, used 180966K [0x00000000a0000000, 0x0000000100000000)
  region size 1024K, 116 young (118784K), 7 survivors (7168K)
 Metaspace       used 82931K, committed 84608K, reserved 557056K
  class space    used 11926K, committed 12736K, reserved 425984K
}
Event: 100.265 GC heap after
{Heap after GC invocations=75 (full 0):
 garbage-first heap   total 198656K, used 68359K [0x00000000a0000000, 0x0000000100000000)
  region size 1024K, 5 young (5120K), 5 survivors (5120K)
 Metaspace       used 82931K, committed 84608K, reserved 557056K
  class space    used 11926K, committed 12736K, reserved 425984K
}
Event: 102.605 GC heap before
{Heap before GC invocations=75 (full 0):
 garbage-first heap   total 198656K, used 182023K [0x00000000a0000000, 0x0000000100000000)
  region size 1024K, 116 young (118784K), 5 survivors (5120K)
 Metaspace       used 82939K, committed 84608K, reserved 557056K
  class space    used 11926K, committed 12736K, reserved 425984K
}
Event: 102.619 GC heap after
{Heap after GC invocations=76 (full 0):
 garbage-first heap   total 198656K, used 68185K [0x00000000a0000000, 0x0000000100000000)
  region size 1024K, 5 young (5120K), 5 survivors (5120K)
 Metaspace       used 82939K, committed 84608K, reserved 557056K
  class space    used 11926K, committed 12736K, reserved 425984K
}
Event: 104.064 GC heap before
{Heap before GC invocations=76 (full 0):
 garbage-first heap   total 198656K, used 180825K [0x00000000a0000000, 0x0000000100000000)
  region size 1024K, 116 young (118784K), 5 survivors (5120K)
 Metaspace       used 83057K, committed 84800K, reserved 557056K
  class space    used 11942K, committed 12800K, reserved 425984K
}
Event: 104.077 GC heap after
{Heap after GC invocations=77 (full 0):
 garbage-first heap   total 198656K, used 69388K [0x00000000a0000000, 0x0000000100000000)
  region size 1024K, 6 young (6144K), 6 survivors (6144K)
 Metaspace       used 83057K, committed 84800K, reserved 557056K
  class space    used 11942K, committed 12800K, reserved 425984K
}
Event: 105.704 GC heap before
{Heap before GC invocations=77 (full 0):
 garbage-first heap   total 198656K, used 183052K [0x00000000a0000000, 0x0000000100000000)
  region size 1024K, 116 young (118784K), 6 survivors (6144K)
 Metaspace       used 83096K, committed 84864K, reserved 557056K
  class space    used 11942K, committed 12800K, reserved 425984K
}
Event: 105.718 GC heap after
{Heap after GC invocations=78 (full 0):
 garbage-first heap   total 198656K, used 68230K [0x00000000a0000000, 0x0000000100000000)
  region size 1024K, 4 young (4096K), 4 survivors (4096K)
 Metaspace       used 83096K, committed 84864K, reserved 557056K
  class space    used 11942K, committed 12800K, reserved 425984K
}
Event: 107.366 GC heap before
{Heap before GC invocations=78 (full 0):
 garbage-first heap   total 198656K, used 181894K [0x00000000a0000000, 0x0000000100000000)
  region size 1024K, 116 young (118784K), 4 survivors (4096K)
 Metaspace       used 83118K, committed 84864K, reserved 557056K
  class space    used 11943K, committed 12800K, reserved 425984K
}
Event: 107.374 GC heap after
{Heap after GC invocations=79 (full 0):
 garbage-first heap   total 198656K, used 64430K [0x00000000a0000000, 0x0000000100000000)
  region size 1024K, 3 young (3072K), 3 survivors (3072K)
 Metaspace       used 83118K, committed 84864K, reserved 557056K
  class space    used 11943K, committed 12800K, reserved 425984K
}
Event: 109.966 GC heap before
{Heap before GC invocations=79 (full 0):
 garbage-first heap   total 198656K, used 179118K [0x00000000a0000000, 0x0000000100000000)
  region size 1024K, 116 young (118784K), 3 survivors (3072K)
 Metaspace       used 83137K, committed 84864K, reserved 557056K
  class space    used 11943K, committed 12800K, reserved 425984K
}
Event: 109.974 GC heap after
{Heap after GC invocations=80 (full 0):
 garbage-first heap   total 198656K, used 64765K [0x00000000a0000000, 0x0000000100000000)
  region size 1024K, 3 young (3072K), 3 survivors (3072K)
 Metaspace       used 83137K, committed 84864K, reserved 557056K
  class space    used 11943K, committed 12800K, reserved 425984K
}
Event: 113.080 GC heap before
{Heap before GC invocations=80 (full 0):
 garbage-first heap   total 198656K, used 179453K [0x00000000a0000000, 0x0000000100000000)
  region size 1024K, 116 young (118784K), 3 survivors (3072K)
 Metaspace       used 83138K, committed 84864K, reserved 557056K
  class space    used 11943K, committed 12800K, reserved 425984K
}
Event: 113.087 GC heap after
{Heap after GC invocations=81 (full 0):
 garbage-first heap   total 198656K, used 64368K [0x00000000a0000000, 0x0000000100000000)
  region size 1024K, 2 young (2048K), 2 survivors (2048K)
 Metaspace       used 83138K, committed 84864K, reserved 557056K
  class space    used 11943K, committed 12800K, reserved 425984K
}
Event: 116.027 GC heap before
{Heap before GC invocations=81 (full 0):
 garbage-first heap   total 198656K, used 181104K [0x00000000a0000000, 0x0000000100000000)
  region size 1024K, 116 young (118784K), 2 survivors (2048K)
 Metaspace       used 83141K, committed 84864K, reserved 557056K
  class space    used 11943K, committed 12800K, reserved 425984K
}
Event: 116.033 GC heap after
{Heap after GC invocations=82 (full 0):
 garbage-first heap   total 198656K, used 62230K [0x00000000a0000000, 0x0000000100000000)
  region size 1024K, 1 young (1024K), 1 survivors (1024K)
 Metaspace       used 83141K, committed 84864K, reserved 557056K
  class space    used 11943K, committed 12800K, reserved 425984K
}
Event: 127.456 GC heap before
{Heap before GC invocations=82 (full 0):
 garbage-first heap   total 198656K, used 149270K [0x00000000a0000000, 0x0000000100000000)
  region size 1024K, 81 young (82944K), 1 survivors (1024K)
 Metaspace       used 97098K, committed 98944K, reserved 557056K
  class space    used 14184K, committed 15104K, reserved 425984K
}
Event: 127.474 GC heap after
{Heap after GC invocations=83 (full 0):
 garbage-first heap   total 198656K, used 70783K [0x00000000a0000000, 0x0000000100000000)
  region size 1024K, 4 young (4096K), 4 survivors (4096K)
 Metaspace       used 97098K, committed 98944K, reserved 557056K
  class space    used 14184K, committed 15104K, reserved 425984K
}
Event: 131.255 GC heap before
{Heap before GC invocations=83 (full 0):
 garbage-first heap   total 198656K, used 140415K [0x00000000a0000000, 0x0000000100000000)
  region size 1024K, 72 young (73728K), 4 survivors (4096K)
 Metaspace       used 101806K, committed 103680K, reserved 557056K
  class space    used 14712K, committed 15616K, reserved 425984K
}
Event: 131.313 GC heap after
{Heap after GC invocations=84 (full 0):
 garbage-first heap   total 198656K, used 76625K [0x00000000a0000000, 0x0000000100000000)
  region size 1024K, 15 young (15360K), 15 survivors (15360K)
 Metaspace       used 101806K, committed 103680K, reserved 557056K
  class space    used 14712K, committed 15616K, reserved 425984K
}

